This file contains any messages produced by compilers while
running configure, to aid debugging if configure makes a mistake.

It was created by Snes9x configure 1.53, which was
generated by GNU Autoconf 2.61.  Invocation command line was

  $ /home/administrator/DQN/SNES-Learning-Environment/snes9x/unix/configure --prefix /home/administrator/DQN/SNES-Learning-Environment/snes9x/unix/

## --------- ##
## Platform. ##
## --------- ##

hostname = zsp518-6a
uname -m = x86_64
uname -r = 3.13.0-66-generic
uname -s = Linux
uname -v = #108-Ubuntu SMP Wed Oct 7 15:20:27 UTC 2015

/usr/bin/uname -p = unknown
/bin/uname -X     = unknown

/bin/arch              = unknown
/usr/bin/arch -k       = unknown
/usr/convex/getsysinfo = unknown
/usr/bin/hostinfo      = unknown
/bin/machine           = unknown
/usr/bin/oslevel       = unknown
/bin/universe          = unknown

PATH: /opt/ros/indigo/bin
PATH: /home/administrator/Enthought/Canopy_64bit/User/bin
PATH: /home/administrator/torch/install/bin
PATH: /home/administrator/torch/install/bin
PATH: /home/administrator/torch/install/bin
PATH: /usr/local/sbin
PATH: /usr/local/bin
PATH: /usr/sbin
PATH: /usr/bin
PATH: /sbin
PATH: /bin
PATH: /usr/games
PATH: /usr/local/games


## ----------- ##
## Core tests. ##
## ----------- ##

configure:1789: checking build system type
configure:1807: result: x86_64-unknown-linux-gnu
configure:1829: checking host system type
configure:1844: result: x86_64-unknown-linux-gnu
configure:1866: checking target system type
configure:1881: result: x86_64-unknown-linux-gnu
configure:1958: checking for gcc
configure:1974: found /usr/bin/gcc
configure:1985: result: gcc
configure:2223: checking for C compiler version
configure:2230: gcc --version >&5
gcc (Ubuntu 4.8.4-2ubuntu1~14.04) 4.8.4
Copyright (C) 2013 Free Software Foundation, Inc.
This is free software; see the source for copying conditions.  There is NO
warranty; not even for MERCHANTABILITY or FITNESS FOR A PARTICULAR PURPOSE.

configure:2233: $? = 0
configure:2240: gcc -v >&5
Using built-in specs.
COLLECT_GCC=gcc
COLLECT_LTO_WRAPPER=/usr/lib/gcc/x86_64-linux-gnu/4.8/lto-wrapper
Target: x86_64-linux-gnu
Configured with: ../src/configure -v --with-pkgversion='Ubuntu 4.8.4-2ubuntu1~14.04' --with-bugurl=file:///usr/share/doc/gcc-4.8/README.Bugs --enable-languages=c,c++,java,go,d,fortran,objc,obj-c++ --prefix=/usr --program-suffix=-4.8 --enable-shared --enable-linker-build-id --libexecdir=/usr/lib --without-included-gettext --enable-threads=posix --with-gxx-include-dir=/usr/include/c++/4.8 --libdir=/usr/lib --enable-nls --with-sysroot=/ --enable-clocale=gnu --enable-libstdcxx-debug --enable-libstdcxx-time=yes --enable-gnu-unique-object --disable-libmudflap --enable-plugin --with-system-zlib --disable-browser-plugin --enable-java-awt=gtk --enable-gtk-cairo --with-java-home=/usr/lib/jvm/java-1.5.0-gcj-4.8-amd64/jre --enable-java-home --with-jvm-root-dir=/usr/lib/jvm/java-1.5.0-gcj-4.8-amd64 --with-jvm-jar-dir=/usr/lib/jvm-exports/java-1.5.0-gcj-4.8-amd64 --with-arch-directory=amd64 --with-ecj-jar=/usr/share/java/eclipse-ecj.jar --enable-objc-gc --enable-multiarch --disable-werror --with-arch-32=i686 --with-abi=m64 --with-multilib-list=m32,m64,mx32 --with-tune=generic --enable-checking=release --build=x86_64-linux-gnu --host=x86_64-linux-gnu --target=x86_64-linux-gnu
Thread model: posix
gcc version 4.8.4 (Ubuntu 4.8.4-2ubuntu1~14.04) 
configure:2243: $? = 0
configure:2250: gcc -V >&5
gcc: error: unrecognized command line option '-V'
gcc: fatal error: no input files
compilation terminated.
configure:2253: $? = 4
configure:2276: checking for C compiler default output file name
configure:2303: gcc    conftest.c  >&5
configure:2306: $? = 0
configure:2344: result: a.out
configure:2361: checking whether the C compiler works
configure:2371: ./a.out
configure:2374: $? = 0
configure:2391: result: yes
configure:2398: checking whether we are cross compiling
configure:2400: result: no
configure:2403: checking for suffix of executables
configure:2410: gcc -o conftest    conftest.c  >&5
configure:2413: $? = 0
configure:2437: result: 
configure:2443: checking for suffix of object files
configure:2469: gcc -c   conftest.c >&5
configure:2472: $? = 0
configure:2495: result: o
configure:2499: checking whether we are using the GNU C compiler
configure:2528: gcc -c   conftest.c >&5
configure:2534: $? = 0
configure:2551: result: yes
configure:2556: checking whether gcc accepts -g
configure:2586: gcc -c -g  conftest.c >&5
configure:2592: $? = 0
configure:2691: result: yes
configure:2708: checking for gcc option to accept ISO C89
configure:2782: gcc  -c -g -O2  conftest.c >&5
configure:2788: $? = 0
configure:2811: result: none needed
configure:2887: checking for g++
configure:2903: found /usr/bin/g++
configure:2914: result: g++
configure:2945: checking for C++ compiler version
configure:2952: g++ --version >&5
g++ (Ubuntu 4.8.4-2ubuntu1~14.04) 4.8.4
Copyright (C) 2013 Free Software Foundation, Inc.
This is free software; see the source for copying conditions.  There is NO
warranty; not even for MERCHANTABILITY or FITNESS FOR A PARTICULAR PURPOSE.

configure:2955: $? = 0
configure:2962: g++ -v >&5
Using built-in specs.
COLLECT_GCC=g++
COLLECT_LTO_WRAPPER=/usr/lib/gcc/x86_64-linux-gnu/4.8/lto-wrapper
Target: x86_64-linux-gnu
Configured with: ../src/configure -v --with-pkgversion='Ubuntu 4.8.4-2ubuntu1~14.04' --with-bugurl=file:///usr/share/doc/gcc-4.8/README.Bugs --enable-languages=c,c++,java,go,d,fortran,objc,obj-c++ --prefix=/usr --program-suffix=-4.8 --enable-shared --enable-linker-build-id --libexecdir=/usr/lib --without-included-gettext --enable-threads=posix --with-gxx-include-dir=/usr/include/c++/4.8 --libdir=/usr/lib --enable-nls --with-sysroot=/ --enable-clocale=gnu --enable-libstdcxx-debug --enable-libstdcxx-time=yes --enable-gnu-unique-object --disable-libmudflap --enable-plugin --with-system-zlib --disable-browser-plugin --enable-java-awt=gtk --enable-gtk-cairo --with-java-home=/usr/lib/jvm/java-1.5.0-gcj-4.8-amd64/jre --enable-java-home --with-jvm-root-dir=/usr/lib/jvm/java-1.5.0-gcj-4.8-amd64 --with-jvm-jar-dir=/usr/lib/jvm-exports/java-1.5.0-gcj-4.8-amd64 --with-arch-directory=amd64 --with-ecj-jar=/usr/share/java/eclipse-ecj.jar --enable-objc-gc --enable-multiarch --disable-werror --with-arch-32=i686 --with-abi=m64 --with-multilib-list=m32,m64,mx32 --with-tune=generic --enable-checking=release --build=x86_64-linux-gnu --host=x86_64-linux-gnu --target=x86_64-linux-gnu
Thread model: posix
gcc version 4.8.4 (Ubuntu 4.8.4-2ubuntu1~14.04) 
configure:2965: $? = 0
configure:2972: g++ -V >&5
g++: error: unrecognized command line option '-V'
g++: fatal error: no input files
compilation terminated.
configure:2975: $? = 4
configure:2978: checking whether we are using the GNU C++ compiler
configure:3007: g++ -c   conftest.cpp >&5
configure:3013: $? = 0
configure:3030: result: yes
configure:3035: checking whether g++ accepts -g
configure:3065: g++ -c -g  conftest.cpp >&5
configure:3071: $? = 0
configure:3170: result: yes
configure:3412: checking whether g++ accepts -O3
configure:3456: g++ -o conftest   -O3   conftest.cpp  >&5
configure:3459: $? = 0
configure:3465: ./conftest
configure:3468: $? = 0
configure:3491: result: yes
configure:3676: checking whether g++ accepts -fomit-frame-pointer
configure:3720: g++ -o conftest   -fomit-frame-pointer   conftest.cpp  >&5
configure:3723: $? = 0
configure:3729: ./conftest
configure:3732: $? = 0
configure:3755: result: yes
configure:3958: checking whether g++ accepts -fno-exceptions
configure:4002: g++ -o conftest   -fno-exceptions   conftest.cpp  >&5
configure:4005: $? = 0
configure:4011: ./conftest
configure:4014: $? = 0
configure:4037: result: yes
configure:4046: checking whether g++ accepts -fno-rtti
configure:4090: g++ -o conftest   -fno-rtti   conftest.cpp  >&5
configure:4093: $? = 0
configure:4099: ./conftest
configure:4102: $? = 0
configure:4125: result: yes
configure:4134: checking whether g++ accepts -pedantic
configure:4178: g++ -o conftest   -pedantic   conftest.cpp  >&5
configure:4181: $? = 0
configure:4187: ./conftest
configure:4190: $? = 0
configure:4213: result: yes
configure:4222: checking whether g++ accepts -Wall
configure:4266: g++ -o conftest   -Wall   conftest.cpp  >&5
configure:4269: $? = 0
configure:4275: ./conftest
configure:4278: $? = 0
configure:4301: result: yes
configure:4310: checking whether g++ accepts -W
configure:4354: g++ -o conftest   -W   conftest.cpp  >&5
configure:4357: $? = 0
configure:4363: ./conftest
configure:4366: $? = 0
configure:4389: result: yes
configure:4398: checking whether g++ accepts -Wno-unused-parameter
configure:4442: g++ -o conftest   -Wno-unused-parameter   conftest.cpp  >&5
configure:4445: $? = 0
configure:4451: ./conftest
configure:4454: $? = 0
configure:4477: result: yes
configure:4488: checking whether the OS is Linux
configure:4507: result: yes
configure:4571: checking how to run the C++ preprocessor
configure:4607: g++ -E  conftest.cpp
configure:4613: $? = 0
configure:4644: g++ -E  conftest.cpp
conftest.cpp:8:28: fatal error: ac_nonexistent.h: No such file or directory
 #include <ac_nonexistent.h>
                            ^
compilation terminated.
configure:4650: $? = 1
configure: failed program was:
| /* confdefs.h.  */
| #define PACKAGE_NAME "Snes9x"
| #define PACKAGE_TARNAME "snes9x"
| #define PACKAGE_VERSION "1.53"
| #define PACKAGE_STRING "Snes9x 1.53"
| #define PACKAGE_BUGREPORT ""
| /* end confdefs.h.  */
| #include <ac_nonexistent.h>
configure:4683: result: g++ -E
configure:4712: g++ -E  conftest.cpp
configure:4718: $? = 0
configure:4749: g++ -E  conftest.cpp
conftest.cpp:8:28: fatal error: ac_nonexistent.h: No such file or directory
 #include <ac_nonexistent.h>
                            ^
compilation terminated.
configure:4755: $? = 1
configure: failed program was:
| /* confdefs.h.  */
| #define PACKAGE_NAME "Snes9x"
| #define PACKAGE_TARNAME "snes9x"
| #define PACKAGE_VERSION "1.53"
| #define PACKAGE_STRING "Snes9x 1.53"
| #define PACKAGE_BUGREPORT ""
| /* end confdefs.h.  */
| #include <ac_nonexistent.h>
configure:4793: checking for grep that handles long lines and -e
configure:4867: result: /bin/grep
configure:4872: checking for egrep
configure:4950: result: /bin/grep -E
configure:4955: checking for ANSI C header files
configure:4985: g++ -c    conftest.cpp >&5
configure:4991: $? = 0
configure:5090: g++ -o conftest     conftest.cpp  >&5
configure:5093: $? = 0
configure:5099: ./conftest
configure:5102: $? = 0
configure:5119: result: yes
configure:5143: checking for sys/types.h
configure:5164: g++ -c    conftest.cpp >&5
configure:5170: $? = 0
configure:5186: result: yes
configure:5143: checking for sys/stat.h
configure:5164: g++ -c    conftest.cpp >&5
configure:5170: $? = 0
configure:5186: result: yes
configure:5143: checking for stdlib.h
configure:5164: g++ -c    conftest.cpp >&5
configure:5170: $? = 0
configure:5186: result: yes
configure:5143: checking for string.h
configure:5164: g++ -c    conftest.cpp >&5
configure:5170: $? = 0
configure:5186: result: yes
configure:5143: checking for memory.h
configure:5164: g++ -c    conftest.cpp >&5
configure:5170: $? = 0
configure:5186: result: yes
configure:5143: checking for strings.h
configure:5164: g++ -c    conftest.cpp >&5
configure:5170: $? = 0
configure:5186: result: yes
configure:5143: checking for inttypes.h
configure:5164: g++ -c    conftest.cpp >&5
configure:5170: $? = 0
configure:5186: result: yes
configure:5143: checking for stdint.h
configure:5164: g++ -c    conftest.cpp >&5
configure:5170: $? = 0
configure:5186: result: yes
configure:5143: checking for unistd.h
configure:5164: g++ -c    conftest.cpp >&5
configure:5170: $? = 0
configure:5186: result: yes
configure:5212: checking zlib.h usability
configure:5229: g++ -c    conftest.cpp >&5
configure:5235: $? = 0
configure:5249: result: yes
configure:5253: checking zlib.h presence
configure:5268: g++ -E  conftest.cpp
configure:5274: $? = 0
configure:5288: result: yes
configure:5316: checking for zlib.h
configure:5323: result: yes
configure:5328: checking for gzread in -lz
configure:5363: g++ -o conftest     conftest.cpp -lz   >&5
configure:5369: $? = 0
configure:5387: result: yes
configure:5482: checking png.h usability
configure:5499: g++ -c    conftest.cpp >&5
configure:5505: $? = 0
configure:5519: result: yes
configure:5523: checking png.h presence
configure:5538: g++ -E  conftest.cpp
configure:5544: $? = 0
configure:5558: result: yes
configure:5586: checking for png.h
configure:5593: result: yes
configure:5598: checking for png_init_io in -lpng
configure:5633: g++ -o conftest     conftest.cpp -lpng   >&5
configure:5639: $? = 0
configure:5657: result: yes
configure:5695: checking for mkstemp
configure:5751: g++ -o conftest     conftest.cpp  >&5
configure:5757: $? = 0
configure:5774: result: yes
configure:5785: checking for X
configure:5900: g++ -E  conftest.cpp
configure:5906: $? = 0
configure:5955: g++ -o conftest     conftest.cpp -lX11  >&5
configure:5961: $? = 0
configure:6020: result: libraries , headers 
configure:6181: g++ -o conftest     conftest.cpp   -lX11 >&5
configure:6187: $? = 0
configure:6344: checking for gethostbyname
configure:6400: g++ -o conftest     conftest.cpp  >&5
configure:6406: $? = 0
configure:6423: result: yes
configure:6568: checking for connect
configure:6624: g++ -o conftest     conftest.cpp  >&5
configure:6630: $? = 0
configure:6647: result: yes
configure:6719: checking for remove
configure:6775: g++ -o conftest     conftest.cpp  >&5
configure:6781: $? = 0
configure:6798: result: yes
configure:6870: checking for shmat
configure:6926: g++ -o conftest     conftest.cpp  >&5
configure:6932: $? = 0
configure:6949: result: yes
configure:7030: checking for IceConnectionNumber in -lICE
configure:7065: g++ -o conftest     conftest.cpp -lICE   >&5
configure:7071: $? = 0
configure:7089: result: yes
configure:7113: checking for strings.h
configure:7118: result: yes
configure:7255: checking sys/ioctl.h usability
configure:7272: g++ -c    conftest.cpp >&5
configure:7278: $? = 0
configure:7292: result: yes
configure:7296: checking sys/ioctl.h presence
configure:7311: g++ -E  conftest.cpp
configure:7317: $? = 0
configure:7331: result: yes
configure:7359: checking for sys/ioctl.h
configure:7366: result: yes
configure:7379: checking for stdint.h
configure:7384: result: yes
configure:7518: checking for unistd.h
configure:7524: result: yes
configure:7528: checking sys/socket.h usability
configure:7545: g++ -c    conftest.cpp >&5
configure:7551: $? = 0
configure:7565: result: yes
configure:7569: checking sys/socket.h presence
configure:7584: g++ -E  conftest.cpp
configure:7590: $? = 0
configure:7604: result: yes
configure:7632: checking for sys/socket.h
configure:7640: result: yes
configure:7729: checking whether right shift int8 is arithmetic
configure:7782: g++ -o conftest   -DHAVE_STDINT_H   conftest.cpp  >&5
configure:7785: $? = 0
configure:7791: ./conftest
configure:7794: $? = 0
configure:7817: result: yes
configure:7822: checking whether right shift int16 is arithmetic
configure:7875: g++ -o conftest   -DHAVE_STDINT_H   conftest.cpp  >&5
configure:7878: $? = 0
configure:7884: ./conftest
configure:7887: $? = 0
configure:7910: result: yes
configure:7915: checking whether right shift int32 is arithmetic
configure:7968: g++ -o conftest   -DHAVE_STDINT_H   conftest.cpp  >&5
configure:7971: $? = 0
configure:7977: ./conftest
configure:7980: $? = 0
configure:8003: result: yes
configure:8008: checking whether right shift int64 is arithmetic
configure:8061: g++ -o conftest   -DHAVE_STDINT_H   conftest.cpp  >&5
configure:8064: $? = 0
configure:8070: ./conftest
configure:8073: $? = 0
configure:8096: result: yes
configure:8120: checking whether sound is supported on this platform
configure:8123: result: yes
configure:8145: checking pthread.h usability
configure:8162: g++ -c    conftest.cpp >&5
configure:8168: $? = 0
configure:8182: result: yes
configure:8186: checking pthread.h presence
configure:8201: g++ -E  conftest.cpp
configure:8207: $? = 0
configure:8221: result: yes
configure:8249: checking for pthread.h
configure:8256: result: yes
configure:8449: creating ./config.status

## ---------------------- ##
## Running config.status. ##
## ---------------------- ##

This file was extended by Snes9x config.status 1.53, which was
generated by GNU Autoconf 2.61.  Invocation command line was

  CONFIG_FILES    = 
  CONFIG_HEADERS  = 
  CONFIG_LINKS    = 
  CONFIG_COMMANDS = 
  $ ./config.status 

on zsp518-6a

config.status:601: creating Makefile

## ---------------- ##
## Cache variables. ##
## ---------------- ##

ac_cv_build=x86_64-unknown-linux-gnu
ac_cv_c_compiler_gnu=yes
ac_cv_cxx_compiler_gnu=yes
ac_cv_env_CCC_set=
ac_cv_env_CCC_value=
ac_cv_env_CC_set=
ac_cv_env_CC_value=
ac_cv_env_CFLAGS_set=
ac_cv_env_CFLAGS_value=
ac_cv_env_CPPFLAGS_set=
ac_cv_env_CPPFLAGS_value=
ac_cv_env_CXXCPP_set=
ac_cv_env_CXXCPP_value=
ac_cv_env_CXXFLAGS_set=
ac_cv_env_CXXFLAGS_value=
ac_cv_env_CXX_set=
ac_cv_env_CXX_value=
ac_cv_env_LDFLAGS_set=
ac_cv_env_LDFLAGS_value=
ac_cv_env_LIBS_set=
ac_cv_env_LIBS_value=
ac_cv_env_XMKMF_set=
ac_cv_env_XMKMF_value=
ac_cv_env_build_alias_set=
ac_cv_env_build_alias_value=
ac_cv_env_host_alias_set=
ac_cv_env_host_alias_value=
ac_cv_env_target_alias_set=
ac_cv_env_target_alias_value=
ac_cv_func_connect=yes
ac_cv_func_gethostbyname=yes
ac_cv_func_mkstemp=yes
ac_cv_func_remove=yes
ac_cv_func_shmat=yes
ac_cv_have_x='have_x=yes	ac_x_includes='\'''\''	ac_x_libraries='\'''\'''
ac_cv_header_inttypes_h=yes
ac_cv_header_memory_h=yes
ac_cv_header_png_h=yes
ac_cv_header_pthread_h=yes
ac_cv_header_stdc=yes
ac_cv_header_stdint_h=yes
ac_cv_header_stdlib_h=yes
ac_cv_header_string_h=yes
ac_cv_header_strings_h=yes
ac_cv_header_sys_ioctl_h=yes
ac_cv_header_sys_socket_h=yes
ac_cv_header_sys_stat_h=yes
ac_cv_header_sys_types_h=yes
ac_cv_header_unistd_h=yes
ac_cv_header_zlib_h=yes
ac_cv_host=x86_64-unknown-linux-gnu
ac_cv_lib_ICE_IceConnectionNumber=yes
ac_cv_lib_png_png_init_io=yes
ac_cv_lib_z_gzread=yes
ac_cv_objext=o
ac_cv_path_EGREP='/bin/grep -E'
ac_cv_path_GREP=/bin/grep
ac_cv_prog_CXXCPP='g++ -E'
ac_cv_prog_ac_ct_CC=gcc
ac_cv_prog_ac_ct_CXX=g++
ac_cv_prog_cc_c89=
ac_cv_prog_cc_g=yes
ac_cv_prog_cxx_g=yes
ac_cv_target=x86_64-unknown-linux-gnu
snes9x_cv_libpng=yes
snes9x_cv_linux_os=yes
snes9x_cv_option_W=yes
snes9x_cv_option_Wall=yes
snes9x_cv_option_Wno_unused_parameter=yes
snes9x_cv_option_no_exceptions=yes
snes9x_cv_option_no_rtti=yes
snes9x_cv_option_o3=yes
snes9x_cv_option_omit_frame_pointer=yes
snes9x_cv_option_pedantic=yes
snes9x_cv_zlib=yes

## ----------------- ##
## Output variables. ##
## ----------------- ##

CC='gcc'
CFLAGS=' '
CPPFLAGS=''
CXX='g++'
CXXCPP='g++ -E'
CXXFLAGS=' '
DEFS='-DPACKAGE_NAME=\"Snes9x\" -DPACKAGE_TARNAME=\"snes9x\" -DPACKAGE_VERSION=\"1.53\" -DPACKAGE_STRING=\"Snes9x\ 1.53\" -DPACKAGE_BUGREPORT=\"\" -DSTDC_HEADERS=1 -DHAVE_SYS_TYPES_H=1 -DHAVE_SYS_STAT_H=1 -DHAVE_STDLIB_H=1 -DHAVE_STRING_H=1 -DHAVE_MEMORY_H=1 -DHAVE_STRINGS_H=1 -DHAVE_INTTYPES_H=1 -DHAVE_STDINT_H=1 -DHAVE_UNISTD_H=1 -DHAVE_UNISTD_H=1 -DHAVE_SYS_SOCKET_H=1'
ECHO_C=''
ECHO_N='-n'
ECHO_T=''
EGREP='/bin/grep -E'
EXEEXT=''
GREP='/bin/grep'
LDFLAGS=''
LIBOBJS=''
LIBS=''
LTLIBOBJS=''
OBJEXT='o'
PACKAGE_BUGREPORT=''
PACKAGE_NAME='Snes9x'
PACKAGE_STRING='Snes9x 1.53'
PACKAGE_TARNAME='snes9x'
PACKAGE_VERSION='1.53'
PATH_SEPARATOR=':'
S9XDEBUGGER='#S9XDEBUGGER=1'
S9XDEFS='-DJOYSTICK_SUPPORT -DZLIB -DUNZIP_SUPPORT -DJMA_SUPPORT -DHAVE_LIBPNG -DHAVE_MKSTEMP -DHAVE_STRINGS_H -DHAVE_SYS_IOCTL_H -DHAVE_STDINT_H -DRIGHTSHIFT_IS_SAR -DUSE_THREADS'
S9XFLGS='-O3 -fomit-frame-pointer -fno-exceptions -fno-rtti -pedantic -Wall -W -Wno-unused-parameter '
S9XJMA='S9XJMA=1'
S9XLIBS='-lz -lpng -lSM -lICE -lX11 -lXext -lpthread'
S9XNETPLAY='#S9XNETPLAY=1'
S9XZIP='S9XZIP=1'
SHELL='/bin/bash'
XMKMF=''
X_CFLAGS=''
X_EXTRA_LIBS=''
X_LIBS=''
X_PRE_LIBS=' -lSM -lICE'
ac_ct_CC='gcc'
ac_ct_CXX='g++'
bindir='${exec_prefix}/bin'
build='x86_64-unknown-linux-gnu'
build_alias=''
build_cpu='x86_64'
build_os='linux-gnu'
build_vendor='unknown'
datadir='${datarootdir}'
datarootdir='${prefix}/share'
docdir='${datarootdir}/doc/${PACKAGE_TARNAME}'
dvidir='${docdir}'
exec_prefix='${prefix}'
host='x86_64-unknown-linux-gnu'
host_alias=''
host_cpu='x86_64'
host_os='linux-gnu'
host_vendor='unknown'
htmldir='${docdir}'
includedir='${prefix}/include'
infodir='${datarootdir}/info'
libdir='${exec_prefix}/lib'
libexecdir='${exec_prefix}/libexec'
localedir='${datarootdir}/locale'
localstatedir='${prefix}/var'
mandir='${datarootdir}/man'
oldincludedir='/usr/include'
pdfdir='${docdir}'
prefix='/home/administrator/DQN/SNES-Learning-Environment/snes9x/unix/'
program_transform_name='s,x,x,'
psdir='${docdir}'
sbindir='${exec_prefix}/sbin'
sharedstatedir='${prefix}/com'
sysconfdir='${prefix}/etc'
target='x86_64-unknown-linux-gnu'
target_alias=''
target_cpu='x86_64'
target_os='linux-gnu'
target_vendor='unknown'

## ----------- ##
## confdefs.h. ##
## ----------- ##

#define PACKAGE_NAME "Snes9x"
#define PACKAGE_TARNAME "snes9x"
#define PACKAGE_VERSION "1.53"
#define PACKAGE_STRING "Snes9x 1.53"
#define PACKAGE_BUGREPORT ""
#define STDC_HEADERS 1
#define HAVE_SYS_TYPES_H 1
#define HAVE_SYS_STAT_H 1
#define HAVE_STDLIB_H 1
#define HAVE_STRING_H 1
#define HAVE_MEMORY_H 1
#define HAVE_STRINGS_H 1
#define HAVE_INTTYPES_H 1
#define HAVE_STDINT_H 1
#define HAVE_UNISTD_H 1
#define HAVE_UNISTD_H 1
#define HAVE_SYS_SOCKET_H 1

configure: exit 0
